<?xml version="1.0" encoding="UTF-8"?>
<!-- Generated by org.testng.reporters.JUnitXMLReporter -->
<testsuite hostname="CIPL-1PC126" ignored="3" tests="0" failures="0" timestamp="14 Sep 2018 10:30:51 GMT" time="0.0" errors="0">
  <testcase name="verifyFacilityCreateLayout" time="0.0" classname="com.sentinel.test.CreateFacilityTestSuite">
    <ignored/>
  </testcase> <!-- verifyFacilityCreateLayout -->
  <testcase name="verifyFacilityFormCreated" time="0.0" classname="com.sentinel.test.CreateFacilityTestSuite">
    <ignored/>
  </testcase> <!-- verifyFacilityFormCreated -->
  <testcase name="verifyFacilityCreateErrorMessages" time="0.0" classname="com.sentinel.test.CreateFacilityTestSuite">
    <ignored/>
  </testcase> <!-- verifyFacilityCreateErrorMessages -->
</testsuite>
