<?xml version="1.0" encoding="UTF-8"?>
<!-- Generated by org.testng.reporters.JUnitXMLReporter -->
<testsuite hostname="CIPL-1PC126" ignored="10" tests="0" failures="0" timestamp="14 Sep 2018 10:30:51 GMT" time="0.004" errors="0">
  <testcase name="verifyOTPErrorMessagesAndInvalidOTPErrorMessages" time="0.0" classname="com.sentinel.test.SignUpTestSuite">
    <ignored/>
  </testcase> <!-- verifyOTPErrorMessagesAndInvalidOTPErrorMessages -->
  <testcase name="verifyMaxLimitValidUsernameInvalidPassword" time="0.0" classname="com.sentinel.test.SignUpTestSuite">
    <ignored/>
  </testcase> <!-- verifyMaxLimitValidUsernameInvalidPassword -->
  <testcase name="verifyResetPasswordFunctionality" time="0.0" classname="com.sentinel.test.SignUpTestSuite">
    <ignored/>
  </testcase> <!-- verifyResetPasswordFunctionality -->
  <testcase name="verifyMaxLimitResendOTPS" time="0.0" classname="com.sentinel.test.SignUpTestSuite">
    <ignored/>
  </testcase> <!-- verifyMaxLimitResendOTPS -->
  <testcase name="verifyResetPasswordErrorMessages" time="0.0" classname="com.sentinel.test.SignUpTestSuite">
    <ignored/>
  </testcase> <!-- verifyResetPasswordErrorMessages -->
  <testcase name="verifyForgetUsernameOrPasswordPageElements" time="0.0" classname="com.sentinel.test.SignUpTestSuite">
    <ignored/>
  </testcase> <!-- verifyForgetUsernameOrPasswordPageElements -->
  <testcase name="verifyResendUserName" time="0.0" classname="com.sentinel.test.SignUpTestSuite">
    <ignored/>
  </testcase> <!-- verifyResendUserName -->
  <testcase name="verifyErrorMessages" time="0.0" classname="com.sentinel.test.SignUpTestSuite">
    <ignored/>
  </testcase> <!-- verifyErrorMessages -->
  <testcase name="verifyMaxLimitResetPasswordMail" time="0.0" classname="com.sentinel.test.SignUpTestSuite">
    <ignored/>
  </testcase> <!-- verifyMaxLimitResetPasswordMail -->
  <testcase name="verifySentinalSignUpPageLayout" time="0.0" classname="com.sentinel.test.SignUpTestSuite">
    <ignored/>
  </testcase> <!-- verifySentinalSignUpPageLayout -->
</testsuite>
