<?xml version="1.0" encoding="UTF-8"?>
<!-- Generated by org.testng.reporters.JUnitXMLReporter -->
<testsuite hostname="CIPL-1PC126" ignored="1" name="Verify Create Corporate Test Cases" tests="1" failures="0" timestamp="14 Sep 2018 10:31:00 GMT" time="8.818" errors="0">
  <testcase name="verifyFacilityCreateLayout" time="8.807" classname="com.sentinel.test.CreateCorporateTestSuite"/>
  <testcase name="verifyFacilityCreateErrorMessages" time="0.0" classname="com.sentinel.test.CreateCorporateTestSuite">
    <ignored/>
  </testcase> <!-- verifyFacilityCreateErrorMessages -->
</testsuite> <!-- Verify Create Corporate Test Cases -->
