<?xml version="1.0" encoding="UTF-8"?>
<!-- Generated by org.testng.reporters.JUnitXMLReporter -->
<testsuite hostname="CIPL-1PC126" ignored="10" tests="0" failures="0" timestamp="14 Sep 2018 10:30:51 GMT" time="0.0" errors="0">
  <testcase name="verifyDepartmentManagementPageLayout" time="0.0" classname="com.sentinel.test.DepartmentManagementTestSuite">
    <ignored/>
  </testcase> <!-- verifyDepartmentManagementPageLayout -->
  <testcase name="addAndVerifyFacilityDepartment" time="0.0" classname="com.sentinel.test.DepartmentManagementTestSuite">
    <ignored/>
  </testcase> <!-- addAndVerifyFacilityDepartment -->
  <testcase name="verifyErrorMessagesAndSearchFunctionality" time="0.0" classname="com.sentinel.test.DepartmentManagementTestSuite">
    <ignored/>
  </testcase> <!-- verifyErrorMessagesAndSearchFunctionality -->
  <testcase name="verifyNewlyAddedDepartment" time="0.0" classname="com.sentinel.test.DepartmentManagementTestSuite">
    <ignored/>
  </testcase> <!-- verifyNewlyAddedDepartment -->
  <testcase name="verifyFacilityDepartmentLayout" time="0.0" classname="com.sentinel.test.DepartmentManagementTestSuite">
    <ignored/>
  </testcase> <!-- verifyFacilityDepartmentLayout -->
  <testcase name="addDepartmentToContact" time="0.0" classname="com.sentinel.test.DepartmentManagementTestSuite">
    <ignored/>
  </testcase> <!-- addDepartmentToContact -->
  <testcase name="verifyDefaultDepartmentAdminCreatedDepartment" time="0.0" classname="com.sentinel.test.DepartmentManagementTestSuite">
    <ignored/>
  </testcase> <!-- verifyDefaultDepartmentAdminCreatedDepartment -->
  <testcase name="verifyAdminDepartmentInacticateFunctionality" time="0.0" classname="com.sentinel.test.DepartmentManagementTestSuite">
    <ignored/>
  </testcase> <!-- verifyAdminDepartmentInacticateFunctionality -->
  <testcase name="verifyFacilityDepartmentInacticateFunctionality" time="0.0" classname="com.sentinel.test.DepartmentManagementTestSuite">
    <ignored/>
  </testcase> <!-- verifyFacilityDepartmentInacticateFunctionality -->
  <testcase name="verifyNewDepartmentPageLayout" time="0.0" classname="com.sentinel.test.DepartmentManagementTestSuite">
    <ignored/>
  </testcase> <!-- verifyNewDepartmentPageLayout -->
</testsuite>
